<?xml version="1.0" encoding="UTF-8"?>
<!-- Generated by org.testng.reporters.JUnitXMLReporter -->
<testsuite hostname="ACP-PC" ignored="8" name="Default test" tests="5" failures="0" timestamp="04 Sep 2020 09:09:28 GMT" time="14.727" errors="0">
  <testcase name="enterLocation" time="6.047" classname="com.Zoopla.Home.Home"/>
  <testcase name="validateHeader" time="0.032" classname="com.Zoopla.London.London"/>
  <testcase name="displayList" time="3.404" classname="com.Zoopla.London.London"/>
  <testcase name="validateProperty" time="4.816" classname="com.Zoopla.Property.Property"/>
  <testcase name="validateAgent" time="0.179" classname="com.Zoopla.Agent.Agent"/>
  <testcase name="@BeforeSuite initDriver" time="0.0" classname="com.Zoopla.Utilities.TestBase">
    <ignored/>
  </testcase> <!-- @BeforeSuite initDriver -->
  <testcase name="@BeforeSuite initDriver" time="0.0" classname="com.Zoopla.Utilities.TestBase">
    <ignored/>
  </testcase> <!-- @BeforeSuite initDriver -->
  <testcase name="@BeforeSuite initDriver" time="0.0" classname="com.Zoopla.Utilities.TestBase">
    <ignored/>
  </testcase> <!-- @BeforeSuite initDriver -->
  <testcase name="@BeforeSuite initDriver" time="0.0" classname="com.Zoopla.Utilities.TestBase">
    <ignored/>
  </testcase> <!-- @BeforeSuite initDriver -->
  <testcase name="@AfterSuite closeDriver" time="0.0" classname="com.Zoopla.Utilities.TestBase">
    <ignored/>
  </testcase> <!-- @AfterSuite closeDriver -->
  <testcase name="@AfterSuite closeDriver" time="0.0" classname="com.Zoopla.Utilities.TestBase">
    <ignored/>
  </testcase> <!-- @AfterSuite closeDriver -->
  <testcase name="@AfterSuite closeDriver" time="0.0" classname="com.Zoopla.Utilities.TestBase">
    <ignored/>
  </testcase> <!-- @AfterSuite closeDriver -->
  <testcase name="@AfterSuite closeDriver" time="0.0" classname="com.Zoopla.Utilities.TestBase">
    <ignored/>
  </testcase> <!-- @AfterSuite closeDriver -->
</testsuite> <!-- Default test -->
